<?xml version="1.0" encoding="UTF-8"?>
<testsuite name="org.waastad.web.war.service.ServicesResourceIT" time="1.462" tests="1" errors="1" skipped="0" failures="0">
  <properties>
    <property name="java.runtime.name" value="OpenJDK Runtime Environment"/>
    <property name="sun.boot.library.path" value="/usr/lib/jvm/java-7-openjdk-amd64/jre/lib/amd64"/>
    <property name="java.vm.version" value="24.51-b03"/>
    <property name="java.vm.vendor" value="Oracle Corporation"/>
    <property name="java.vendor.url" value="http://java.oracle.com/"/>
    <property name="path.separator" value=":"/>
    <property name="guice.disable.misplaced.annotation.check" value="true"/>
    <property name="java.vm.name" value="OpenJDK 64-Bit Server VM"/>
    <property name="file.encoding.pkg" value="sun.io"/>
    <property name="user.country" value="NO"/>
    <property name="sun.java.launcher" value="SUN_STANDARD"/>
    <property name="sun.os.patch.level" value="unknown"/>
    <property name="java.vm.specification.name" value="Java Virtual Machine Specification"/>
    <property name="user.dir" value="/home/helge/NetBeansProjects/TestAppComposerParent/Web-war"/>
    <property name="java.runtime.version" value="1.7.0_55-b14"/>
    <property name="java.awt.graphicsenv" value="sun.awt.X11GraphicsEnvironment"/>
    <property name="java.endorsed.dirs" value="/usr/lib/jvm/java-7-openjdk-amd64/jre/lib/endorsed"/>
    <property name="os.arch" value="amd64"/>
    <property name="java.io.tmpdir" value="/tmp"/>
    <property name="line.separator" value="&#10;"/>
    <property name="java.vm.specification.vendor" value="Oracle Corporation"/>
    <property name="os.name" value="Linux"/>
    <property name="maven.ext.class.path" value="/opt/development/netbeans/netbeans-8.0/java/maven-nblib/netbeans-eventspy.jar"/>
    <property name="classworlds.conf" value="/opt/development/netbeans/netbeans-8.0/java/maven/bin/m2.conf"/>
    <property name="sun.jnu.encoding" value="UTF-8"/>
    <property name="java.library.path" value="/usr/lib/jvm/default-java/jre/lib/amd64:/usr/lib/jvm/default-java/jre/lib/i386::/usr/java/packages/lib/amd64:/usr/lib/x86_64-linux-gnu/jni:/lib/x86_64-linux-gnu:/usr/lib/x86_64-linux-gnu:/usr/lib/jni:/lib:/usr/lib"/>
    <property name="java.specification.name" value="Java Platform API Specification"/>
    <property name="java.class.version" value="51.0"/>
    <property name="sun.management.compiler" value="HotSpot 64-Bit Tiered Compilers"/>
    <property name="os.version" value="3.8.0-31-generic"/>
    <property name="user.home" value="/home/helge"/>
    <property name="user.timezone" value="Europe/Oslo"/>
    <property name="java.awt.printerjob" value="sun.print.PSPrinterJob"/>
    <property name="file.encoding" value="UTF-8"/>
    <property name="java.specification.version" value="1.7"/>
    <property name="user.name" value="helge"/>
    <property name="java.class.path" value="/opt/development/netbeans/netbeans-8.0/java/maven/boot/plexus-classworlds-2.4.jar"/>
    <property name="java.vm.specification.version" value="1.7"/>
    <property name="sun.arch.data.model" value="64"/>
    <property name="java.home" value="/usr/lib/jvm/java-7-openjdk-amd64/jre"/>
    <property name="sun.java.command" value="org.codehaus.plexus.classworlds.launcher.Launcher -Dmaven.ext.class.path=/opt/development/netbeans/netbeans-8.0/java/maven-nblib/netbeans-eventspy.jar clean install"/>
    <property name="java.specification.vendor" value="Oracle Corporation"/>
    <property name="user.language" value="nb"/>
    <property name="awt.toolkit" value="sun.awt.X11.XToolkit"/>
    <property name="java.vm.info" value="mixed mode"/>
    <property name="java.version" value="1.7.0_55"/>
    <property name="java.ext.dirs" value="/usr/lib/jvm/java-7-openjdk-amd64/jre/lib/ext:/usr/java/packages/lib/ext"/>
    <property name="securerandom.source" value="file:/dev/./urandom"/>
    <property name="sun.boot.class.path" value="/usr/lib/jvm/java-7-openjdk-amd64/jre/lib/resources.jar:/usr/lib/jvm/java-7-openjdk-amd64/jre/lib/rt.jar:/usr/lib/jvm/java-7-openjdk-amd64/jre/lib/sunrsasign.jar:/usr/lib/jvm/java-7-openjdk-amd64/jre/lib/jsse.jar:/usr/lib/jvm/java-7-openjdk-amd64/jre/lib/jce.jar:/usr/lib/jvm/java-7-openjdk-amd64/jre/lib/charsets.jar:/usr/lib/jvm/java-7-openjdk-amd64/jre/lib/netx.jar:/usr/lib/jvm/java-7-openjdk-amd64/jre/lib/plugin.jar:/usr/lib/jvm/java-7-openjdk-amd64/jre/lib/rhino.jar:/usr/lib/jvm/java-7-openjdk-amd64/jre/lib/jfr.jar:/usr/lib/jvm/java-7-openjdk-amd64/jre/classes"/>
    <property name="java.vendor" value="Oracle Corporation"/>
    <property name="maven.home" value="/opt/development/netbeans/netbeans-8.0/java/maven"/>
    <property name="file.separator" value="/"/>
    <property name="java.vendor.url.bug" value="http://bugreport.sun.com/bugreport/"/>
    <property name="sun.cpu.endian" value="little"/>
    <property name="sun.io.unicode.encoding" value="UnicodeLittle"/>
    <property name="sun.desktop" value="gnome"/>
    <property name="sun.cpu.isalist" value=""/>
  </properties>
  <testcase name="testGetJson" classname="org.waastad.web.war.service.ServicesResourceIT" time="1.462">
    <error message="Creating application failed: /home/helge/NetBeansProjects/TestAppComposerParent/Web-war/ServicesResourceIT: org.apache.openejb.OpenEJBRuntimeException: javax.persistence.PersistenceException: Exception [EclipseLink-28018] (Eclipse Persistence Services - 2.5.1.v20130918-f2b9fc5): org.eclipse.persistence.exceptions.EntityManagerSetupException&#10;Exception Description: Predeployment of PersistenceUnit [DEFAULT_PU] failed.&#10;Internal Exception: java.lang.RuntimeException: java.io.FileNotFoundException: /home/helge/NetBeansProjects/TestAppComposerParent/Web-war/jar:file:/home/helge/.m2/repository/org/waastad/Ejb-jar/1.0-SNAPSHOT/Ejb-jar-1.0-SNAPSHOT.jar!/META-INF/persistence.xml (Ingen slik fil eller filkatalog): javax.persistence.PersistenceException: Exception [EclipseLink-28018] (Eclipse Persistence Services - 2.5.1.v20130918-f2b9fc5): org.eclipse.persistence.exceptions.EntityManagerSetupException&#10;Exception Description: Predeployment of PersistenceUnit [DEFAULT_PU] failed.&#10;Internal Exception: java.lang.RuntimeException: java.io.FileNotFoundException: /home/helge/NetBeansProjects/TestAppComposerParent/Web-war/jar:file:/home/helge/.m2/repository/org/waastad/Ejb-jar/1.0-SNAPSHOT/Ejb-jar-1.0-SNAPSHOT.jar!/META-INF/persistence.xml (Ingen slik fil eller filkatalog)" type="org.apache.openejb.OpenEJBException"><![CDATA[org.apache.openejb.OpenEJBException: Creating application failed: /home/helge/NetBeansProjects/TestAppComposerParent/Web-war/ServicesResourceIT: org.apache.openejb.OpenEJBRuntimeException: javax.persistence.PersistenceException: Exception [EclipseLink-28018] (Eclipse Persistence Services - 2.5.1.v20130918-f2b9fc5): org.eclipse.persistence.exceptions.EntityManagerSetupException
Exception Description: Predeployment of PersistenceUnit [DEFAULT_PU] failed.
Internal Exception: java.lang.RuntimeException: java.io.FileNotFoundException: /home/helge/NetBeansProjects/TestAppComposerParent/Web-war/jar:file:/home/helge/.m2/repository/org/waastad/Ejb-jar/1.0-SNAPSHOT/Ejb-jar-1.0-SNAPSHOT.jar!/META-INF/persistence.xml (Ingen slik fil eller filkatalog): javax.persistence.PersistenceException: Exception [EclipseLink-28018] (Eclipse Persistence Services - 2.5.1.v20130918-f2b9fc5): org.eclipse.persistence.exceptions.EntityManagerSetupException
Exception Description: Predeployment of PersistenceUnit [DEFAULT_PU] failed.
Internal Exception: java.lang.RuntimeException: java.io.FileNotFoundException: /home/helge/NetBeansProjects/TestAppComposerParent/Web-war/jar:file:/home/helge/.m2/repository/org/waastad/Ejb-jar/1.0-SNAPSHOT/Ejb-jar-1.0-SNAPSHOT.jar!/META-INF/persistence.xml (Ingen slik fil eller filkatalog)
	at org.apache.openejb.assembler.classic.Assembler.createApplication(Assembler.java:897)
	at org.apache.openejb.assembler.classic.Assembler.createApplication(Assembler.java:612)
	at org.apache.openejb.assembler.classic.Assembler.createApplication(Assembler.java:608)
	at org.apache.openejb.testing.ApplicationComposers.before(ApplicationComposers.java:639)
	at org.apache.openejb.testing.ApplicationComposers.evaluate(ApplicationComposers.java:722)
	at org.apache.openejb.junit.ApplicationComposer$DeployApplication.evaluate(ApplicationComposer.java:64)
	at org.junit.runners.ParentRunner.runLeaf(ParentRunner.java:271)
	at org.junit.runners.BlockJUnit4ClassRunner.runChild(BlockJUnit4ClassRunner.java:70)
	at org.junit.runners.BlockJUnit4ClassRunner.runChild(BlockJUnit4ClassRunner.java:50)
	at org.junit.runners.ParentRunner$3.run(ParentRunner.java:238)
	at org.junit.runners.ParentRunner$1.schedule(ParentRunner.java:63)
	at org.junit.runners.ParentRunner.runChildren(ParentRunner.java:236)
	at org.junit.runners.ParentRunner.access$000(ParentRunner.java:53)
	at org.junit.runners.ParentRunner$2.evaluate(ParentRunner.java:229)
	at org.junit.internal.runners.statements.RunBefores.evaluate(RunBefores.java:26)
	at org.junit.internal.runners.statements.RunAfters.evaluate(RunAfters.java:27)
	at org.junit.runners.ParentRunner.run(ParentRunner.java:309)
	at org.apache.maven.surefire.junit4.JUnit4Provider.execute(JUnit4Provider.java:264)
	at org.apache.maven.surefire.junit4.JUnit4Provider.executeTestSet(JUnit4Provider.java:153)
	at org.apache.maven.surefire.junit4.JUnit4Provider.invoke(JUnit4Provider.java:124)
	at org.apache.maven.surefire.booter.ForkedBooter.invokeProviderInSameClassLoader(ForkedBooter.java:200)
	at org.apache.maven.surefire.booter.ForkedBooter.runSuitesInProcess(ForkedBooter.java:153)
	at org.apache.maven.surefire.booter.ForkedBooter.main(ForkedBooter.java:103)
Caused by: org.apache.openejb.OpenEJBException: org.apache.openejb.OpenEJBRuntimeException: javax.persistence.PersistenceException: Exception [EclipseLink-28018] (Eclipse Persistence Services - 2.5.1.v20130918-f2b9fc5): org.eclipse.persistence.exceptions.EntityManagerSetupException
Exception Description: Predeployment of PersistenceUnit [DEFAULT_PU] failed.
Internal Exception: java.lang.RuntimeException: java.io.FileNotFoundException: /home/helge/NetBeansProjects/TestAppComposerParent/Web-war/jar:file:/home/helge/.m2/repository/org/waastad/Ejb-jar/1.0-SNAPSHOT/Ejb-jar-1.0-SNAPSHOT.jar!/META-INF/persistence.xml (Ingen slik fil eller filkatalog): javax.persistence.PersistenceException: Exception [EclipseLink-28018] (Eclipse Persistence Services - 2.5.1.v20130918-f2b9fc5): org.eclipse.persistence.exceptions.EntityManagerSetupException
Exception Description: Predeployment of PersistenceUnit [DEFAULT_PU] failed.
Internal Exception: java.lang.RuntimeException: java.io.FileNotFoundException: /home/helge/NetBeansProjects/TestAppComposerParent/Web-war/jar:file:/home/helge/.m2/repository/org/waastad/Ejb-jar/1.0-SNAPSHOT/Ejb-jar-1.0-SNAPSHOT.jar!/META-INF/persistence.xml (Ingen slik fil eller filkatalog)
	at org.apache.openejb.assembler.classic.Assembler.createApplication(Assembler.java:758)
	at org.apache.openejb.assembler.classic.Assembler.createApplication(Assembler.java:612)
	at org.apache.openejb.assembler.classic.Assembler.createApplication(Assembler.java:608)
	at org.apache.openejb.testing.ApplicationComposers.before(ApplicationComposers.java:639)
	at org.apache.openejb.testing.ApplicationComposers.evaluate(ApplicationComposers.java:722)
	at org.apache.openejb.junit.ApplicationComposer$DeployApplication.evaluate(ApplicationComposer.java:64)
	at org.junit.runners.ParentRunner.runLeaf(ParentRunner.java:271)
	at org.junit.runners.BlockJUnit4ClassRunner.runChild(BlockJUnit4ClassRunner.java:70)
	at org.junit.runners.BlockJUnit4ClassRunner.runChild(BlockJUnit4ClassRunner.java:50)
	at org.junit.runners.ParentRunner$3.run(ParentRunner.java:238)
	at org.junit.runners.ParentRunner$1.schedule(ParentRunner.java:63)
	at org.junit.runners.ParentRunner.runChildren(ParentRunner.java:236)
	at org.junit.runners.ParentRunner.access$000(ParentRunner.java:53)
	at org.junit.runners.ParentRunner$2.evaluate(ParentRunner.java:229)
	at org.junit.internal.runners.statements.RunBefores.evaluate(RunBefores.java:26)
	at org.junit.internal.runners.statements.RunAfters.evaluate(RunAfters.java:27)
	at org.junit.runners.ParentRunner.run(ParentRunner.java:309)
	at org.apache.maven.surefire.junit4.JUnit4Provider.execute(JUnit4Provider.java:264)
	at org.apache.maven.surefire.junit4.JUnit4Provider.executeTestSet(JUnit4Provider.java:153)
	at org.apache.maven.surefire.junit4.JUnit4Provider.invoke(JUnit4Provider.java:124)
	at org.apache.maven.surefire.booter.ForkedBooter.invokeProviderInSameClassLoader(ForkedBooter.java:200)
	at org.apache.maven.surefire.booter.ForkedBooter.runSuitesInProcess(ForkedBooter.java:153)
	at org.apache.maven.surefire.booter.ForkedBooter.main(ForkedBooter.java:103)
Caused by: org.apache.openejb.OpenEJBRuntimeException: javax.persistence.PersistenceException: Exception [EclipseLink-28018] (Eclipse Persistence Services - 2.5.1.v20130918-f2b9fc5): org.eclipse.persistence.exceptions.EntityManagerSetupException
Exception Description: Predeployment of PersistenceUnit [DEFAULT_PU] failed.
Internal Exception: java.lang.RuntimeException: java.io.FileNotFoundException: /home/helge/NetBeansProjects/TestAppComposerParent/Web-war/jar:file:/home/helge/.m2/repository/org/waastad/Ejb-jar/1.0-SNAPSHOT/Ejb-jar-1.0-SNAPSHOT.jar!/META-INF/persistence.xml (Ingen slik fil eller filkatalog)
	at org.apache.openejb.assembler.classic.ReloadableEntityManagerFactory.createDelegate(ReloadableEntityManagerFactory.java:117)
	at org.apache.openejb.assembler.classic.ReloadableEntityManagerFactory.<init>(ReloadableEntityManagerFactory.java:101)
	at org.apache.openejb.assembler.classic.PersistenceBuilder.createEntityManagerFactory(PersistenceBuilder.java:150)
	at org.apache.openejb.assembler.classic.Assembler.createApplication(Assembler.java:752)
	at org.apache.openejb.assembler.classic.Assembler.createApplication(Assembler.java:612)
	at org.apache.openejb.assembler.classic.Assembler.createApplication(Assembler.java:608)
	at org.apache.openejb.testing.ApplicationComposers.before(ApplicationComposers.java:639)
	at org.apache.openejb.testing.ApplicationComposers.evaluate(ApplicationComposers.java:722)
	at org.apache.openejb.junit.ApplicationComposer$DeployApplication.evaluate(ApplicationComposer.java:64)
	at org.junit.runners.ParentRunner.runLeaf(ParentRunner.java:271)
	at org.junit.runners.BlockJUnit4ClassRunner.runChild(BlockJUnit4ClassRunner.java:70)
	at org.junit.runners.BlockJUnit4ClassRunner.runChild(BlockJUnit4ClassRunner.java:50)
	at org.junit.runners.ParentRunner$3.run(ParentRunner.java:238)
	at org.junit.runners.ParentRunner$1.schedule(ParentRunner.java:63)
	at org.junit.runners.ParentRunner.runChildren(ParentRunner.java:236)
	at org.junit.runners.ParentRunner.access$000(ParentRunner.java:53)
	at org.junit.runners.ParentRunner$2.evaluate(ParentRunner.java:229)
	at org.junit.internal.runners.statements.RunBefores.evaluate(RunBefores.java:26)
	at org.junit.internal.runners.statements.RunAfters.evaluate(RunAfters.java:27)
	at org.junit.runners.ParentRunner.run(ParentRunner.java:309)
	at org.apache.maven.surefire.junit4.JUnit4Provider.execute(JUnit4Provider.java:264)
	at org.apache.maven.surefire.junit4.JUnit4Provider.executeTestSet(JUnit4Provider.java:153)
	at org.apache.maven.surefire.junit4.JUnit4Provider.invoke(JUnit4Provider.java:124)
	at org.apache.maven.surefire.booter.ForkedBooter.invokeProviderInSameClassLoader(ForkedBooter.java:200)
	at org.apache.maven.surefire.booter.ForkedBooter.runSuitesInProcess(ForkedBooter.java:153)
	at org.apache.maven.surefire.booter.ForkedBooter.main(ForkedBooter.java:103)
Caused by: javax.persistence.PersistenceException: Exception [EclipseLink-28018] (Eclipse Persistence Services - 2.5.1.v20130918-f2b9fc5): org.eclipse.persistence.exceptions.EntityManagerSetupException
Exception Description: Predeployment of PersistenceUnit [DEFAULT_PU] failed.
Internal Exception: java.lang.RuntimeException: java.io.FileNotFoundException: /home/helge/NetBeansProjects/TestAppComposerParent/Web-war/jar:file:/home/helge/.m2/repository/org/waastad/Ejb-jar/1.0-SNAPSHOT/Ejb-jar-1.0-SNAPSHOT.jar!/META-INF/persistence.xml (Ingen slik fil eller filkatalog)
	at org.eclipse.persistence.internal.jpa.EntityManagerSetupImpl.createPredeployFailedPersistenceException(EntityManagerSetupImpl.java:1954)
	at org.eclipse.persistence.internal.jpa.EntityManagerSetupImpl.predeploy(EntityManagerSetupImpl.java:1945)
	at org.eclipse.persistence.jpa.PersistenceProvider.createContainerEntityManagerFactory(PersistenceProvider.java:322)
	at org.apache.openejb.assembler.classic.EntityManagerFactoryCallable.call(EntityManagerFactoryCallable.java:55)
	at org.apache.openejb.assembler.classic.ReloadableEntityManagerFactory.createDelegate(ReloadableEntityManagerFactory.java:115)
	at org.apache.openejb.assembler.classic.ReloadableEntityManagerFactory.<init>(ReloadableEntityManagerFactory.java:101)
	at org.apache.openejb.assembler.classic.PersistenceBuilder.createEntityManagerFactory(PersistenceBuilder.java:150)
	at org.apache.openejb.assembler.classic.Assembler.createApplication(Assembler.java:752)
	at org.apache.openejb.assembler.classic.Assembler.createApplication(Assembler.java:612)
	at org.apache.openejb.assembler.classic.Assembler.createApplication(Assembler.java:608)
	at org.apache.openejb.testing.ApplicationComposers.before(ApplicationComposers.java:639)
	at org.apache.openejb.testing.ApplicationComposers.evaluate(ApplicationComposers.java:722)
	at org.apache.openejb.junit.ApplicationComposer$DeployApplication.evaluate(ApplicationComposer.java:64)
	at org.junit.runners.ParentRunner.runLeaf(ParentRunner.java:271)
	at org.junit.runners.BlockJUnit4ClassRunner.runChild(BlockJUnit4ClassRunner.java:70)
	at org.junit.runners.BlockJUnit4ClassRunner.runChild(BlockJUnit4ClassRunner.java:50)
	at org.junit.runners.ParentRunner$3.run(ParentRunner.java:238)
	at org.junit.runners.ParentRunner$1.schedule(ParentRunner.java:63)
	at org.junit.runners.ParentRunner.runChildren(ParentRunner.java:236)
	at org.junit.runners.ParentRunner.access$000(ParentRunner.java:53)
	at org.junit.runners.ParentRunner$2.evaluate(ParentRunner.java:229)
	at org.junit.internal.runners.statements.RunBefores.evaluate(RunBefores.java:26)
	at org.junit.internal.runners.statements.RunAfters.evaluate(RunAfters.java:27)
	at org.junit.runners.ParentRunner.run(ParentRunner.java:309)
	at org.apache.maven.surefire.junit4.JUnit4Provider.execute(JUnit4Provider.java:264)
	at org.apache.maven.surefire.junit4.JUnit4Provider.executeTestSet(JUnit4Provider.java:153)
	at org.apache.maven.surefire.junit4.JUnit4Provider.invoke(JUnit4Provider.java:124)
	at org.apache.maven.surefire.booter.ForkedBooter.invokeProviderInSameClassLoader(ForkedBooter.java:200)
	at org.apache.maven.surefire.booter.ForkedBooter.runSuitesInProcess(ForkedBooter.java:153)
	at org.apache.maven.surefire.booter.ForkedBooter.main(ForkedBooter.java:103)
Caused by: org.eclipse.persistence.exceptions.EntityManagerSetupException: 
Exception Description: Predeployment of PersistenceUnit [DEFAULT_PU] failed.
Internal Exception: java.lang.RuntimeException: java.io.FileNotFoundException: /home/helge/NetBeansProjects/TestAppComposerParent/Web-war/jar:file:/home/helge/.m2/repository/org/waastad/Ejb-jar/1.0-SNAPSHOT/Ejb-jar-1.0-SNAPSHOT.jar!/META-INF/persistence.xml (Ingen slik fil eller filkatalog)
	at org.eclipse.persistence.exceptions.EntityManagerSetupException.predeployFailed(EntityManagerSetupException.java:230)
	at org.eclipse.persistence.internal.jpa.EntityManagerSetupImpl.createPredeployFailedPersistenceException(EntityManagerSetupImpl.java:1954)
	at org.eclipse.persistence.internal.jpa.EntityManagerSetupImpl.predeploy(EntityManagerSetupImpl.java:1945)
	at org.eclipse.persistence.jpa.PersistenceProvider.createContainerEntityManagerFactory(PersistenceProvider.java:322)
	at org.apache.openejb.assembler.classic.EntityManagerFactoryCallable.call(EntityManagerFactoryCallable.java:55)
	at org.apache.openejb.assembler.classic.ReloadableEntityManagerFactory.createDelegate(ReloadableEntityManagerFactory.java:115)
	at org.apache.openejb.assembler.classic.ReloadableEntityManagerFactory.<init>(ReloadableEntityManagerFactory.java:101)
	at org.apache.openejb.assembler.classic.PersistenceBuilder.createEntityManagerFactory(PersistenceBuilder.java:150)
	at org.apache.openejb.assembler.classic.Assembler.createApplication(Assembler.java:752)
	at org.apache.openejb.assembler.classic.Assembler.createApplication(Assembler.java:612)
	at org.apache.openejb.assembler.classic.Assembler.createApplication(Assembler.java:608)
	at org.apache.openejb.testing.ApplicationComposers.before(ApplicationComposers.java:639)
	at org.apache.openejb.testing.ApplicationComposers.evaluate(ApplicationComposers.java:722)
	at org.apache.openejb.junit.ApplicationComposer$DeployApplication.evaluate(ApplicationComposer.java:64)
	at org.junit.runners.ParentRunner.runLeaf(ParentRunner.java:271)
	at org.junit.runners.BlockJUnit4ClassRunner.runChild(BlockJUnit4ClassRunner.java:70)
	at org.junit.runners.BlockJUnit4ClassRunner.runChild(BlockJUnit4ClassRunner.java:50)
	at org.junit.runners.ParentRunner$3.run(ParentRunner.java:238)
	at org.junit.runners.ParentRunner$1.schedule(ParentRunner.java:63)
	at org.junit.runners.ParentRunner.runChildren(ParentRunner.java:236)
	at org.junit.runners.ParentRunner.access$000(ParentRunner.java:53)
	at org.junit.runners.ParentRunner$2.evaluate(ParentRunner.java:229)
	at org.junit.internal.runners.statements.RunBefores.evaluate(RunBefores.java:26)
	at org.junit.internal.runners.statements.RunAfters.evaluate(RunAfters.java:27)
	at org.junit.runners.ParentRunner.run(ParentRunner.java:309)
	at org.apache.maven.surefire.junit4.JUnit4Provider.execute(JUnit4Provider.java:264)
	at org.apache.maven.surefire.junit4.JUnit4Provider.executeTestSet(JUnit4Provider.java:153)
	at org.apache.maven.surefire.junit4.JUnit4Provider.invoke(JUnit4Provider.java:124)
	at org.apache.maven.surefire.booter.ForkedBooter.invokeProviderInSameClassLoader(ForkedBooter.java:200)
	at org.apache.maven.surefire.booter.ForkedBooter.runSuitesInProcess(ForkedBooter.java:153)
	at org.apache.maven.surefire.booter.ForkedBooter.main(ForkedBooter.java:103)
Caused by: java.lang.RuntimeException: java.io.FileNotFoundException: /home/helge/NetBeansProjects/TestAppComposerParent/Web-war/jar:file:/home/helge/.m2/repository/org/waastad/Ejb-jar/1.0-SNAPSHOT/Ejb-jar-1.0-SNAPSHOT.jar!/META-INF/persistence.xml (Ingen slik fil eller filkatalog)
	at org.eclipse.persistence.internal.jpa.metadata.MetadataProcessor.loadStandardMappingFiles(MetadataProcessor.java:475)
	at org.eclipse.persistence.internal.jpa.metadata.MetadataProcessor.loadMappingFiles(MetadataProcessor.java:385)
	at org.eclipse.persistence.internal.jpa.deployment.PersistenceUnitProcessor.processORMetadata(PersistenceUnitProcessor.java:575)
	at org.eclipse.persistence.internal.jpa.EntityManagerSetupImpl.predeploy(EntityManagerSetupImpl.java:1869)
	at org.eclipse.persistence.jpa.PersistenceProvider.createContainerEntityManagerFactory(PersistenceProvider.java:322)
	at org.apache.openejb.assembler.classic.EntityManagerFactoryCallable.call(EntityManagerFactoryCallable.java:55)
	at org.apache.openejb.assembler.classic.ReloadableEntityManagerFactory.createDelegate(ReloadableEntityManagerFactory.java:115)
	at org.apache.openejb.assembler.classic.ReloadableEntityManagerFactory.<init>(ReloadableEntityManagerFactory.java:101)
	at org.apache.openejb.assembler.classic.PersistenceBuilder.createEntityManagerFactory(PersistenceBuilder.java:150)
	at org.apache.openejb.assembler.classic.Assembler.createApplication(Assembler.java:752)
	at org.apache.openejb.assembler.classic.Assembler.createApplication(Assembler.java:612)
	at org.apache.openejb.assembler.classic.Assembler.createApplication(Assembler.java:608)
	at org.apache.openejb.testing.ApplicationComposers.before(ApplicationComposers.java:639)
	at org.apache.openejb.testing.ApplicationComposers.evaluate(ApplicationComposers.java:722)
	at org.apache.openejb.junit.ApplicationComposer$DeployApplication.evaluate(ApplicationComposer.java:64)
	at org.junit.runners.ParentRunner.runLeaf(ParentRunner.java:271)
	at org.junit.runners.BlockJUnit4ClassRunner.runChild(BlockJUnit4ClassRunner.java:70)
	at org.junit.runners.BlockJUnit4ClassRunner.runChild(BlockJUnit4ClassRunner.java:50)
	at org.junit.runners.ParentRunner$3.run(ParentRunner.java:238)
	at org.junit.runners.ParentRunner$1.schedule(ParentRunner.java:63)
	at org.junit.runners.ParentRunner.runChildren(ParentRunner.java:236)
	at org.junit.runners.ParentRunner.access$000(ParentRunner.java:53)
	at org.junit.runners.ParentRunner$2.evaluate(ParentRunner.java:229)
	at org.junit.internal.runners.statements.RunBefores.evaluate(RunBefores.java:26)
	at org.junit.internal.runners.statements.RunAfters.evaluate(RunAfters.java:27)
	at org.junit.runners.ParentRunner.run(ParentRunner.java:309)
	at org.apache.maven.surefire.junit4.JUnit4Provider.execute(JUnit4Provider.java:264)
	at org.apache.maven.surefire.junit4.JUnit4Provider.executeTestSet(JUnit4Provider.java:153)
	at org.apache.maven.surefire.junit4.JUnit4Provider.invoke(JUnit4Provider.java:124)
	at org.apache.maven.surefire.booter.ForkedBooter.invokeProviderInSameClassLoader(ForkedBooter.java:200)
	at org.apache.maven.surefire.booter.ForkedBooter.runSuitesInProcess(ForkedBooter.java:153)
	at org.apache.maven.surefire.booter.ForkedBooter.main(ForkedBooter.java:103)
Caused by: java.io.FileNotFoundException: /home/helge/NetBeansProjects/TestAppComposerParent/Web-war/jar:file:/home/helge/.m2/repository/org/waastad/Ejb-jar/1.0-SNAPSHOT/Ejb-jar-1.0-SNAPSHOT.jar!/META-INF/persistence.xml (Ingen slik fil eller filkatalog)
	at java.util.zip.ZipFile.open(Native Method)
	at java.util.zip.ZipFile.<init>(ZipFile.java:215)
	at java.util.zip.ZipFile.<init>(ZipFile.java:145)
	at java.util.jar.JarFile.<init>(JarFile.java:153)
	at java.util.jar.JarFile.<init>(JarFile.java:117)
	at org.eclipse.persistence.internal.jpa.deployment.ArchiveFactoryImpl.createArchive(ArchiveFactoryImpl.java:93)
	at org.eclipse.persistence.internal.jpa.deployment.ArchiveFactoryImpl.createArchive(ArchiveFactoryImpl.java:58)
	at org.eclipse.persistence.internal.jpa.metadata.MetadataProcessor.loadStandardMappingFiles(MetadataProcessor.java:460)
	at org.eclipse.persistence.internal.jpa.metadata.MetadataProcessor.loadMappingFiles(MetadataProcessor.java:385)
	at org.eclipse.persistence.internal.jpa.deployment.PersistenceUnitProcessor.processORMetadata(PersistenceUnitProcessor.java:575)
	at org.eclipse.persistence.internal.jpa.EntityManagerSetupImpl.predeploy(EntityManagerSetupImpl.java:1869)
	at org.eclipse.persistence.jpa.PersistenceProvider.createContainerEntityManagerFactory(PersistenceProvider.java:322)
	at org.apache.openejb.assembler.classic.EntityManagerFactoryCallable.call(EntityManagerFactoryCallable.java:55)
	at org.apache.openejb.assembler.classic.ReloadableEntityManagerFactory.createDelegate(ReloadableEntityManagerFactory.java:115)
	at org.apache.openejb.assembler.classic.ReloadableEntityManagerFactory.<init>(ReloadableEntityManagerFactory.java:101)
	at org.apache.openejb.assembler.classic.PersistenceBuilder.createEntityManagerFactory(PersistenceBuilder.java:150)
	at org.apache.openejb.assembler.classic.Assembler.createApplication(Assembler.java:752)
	at org.apache.openejb.assembler.classic.Assembler.createApplication(Assembler.java:612)
	at org.apache.openejb.assembler.classic.Assembler.createApplication(Assembler.java:608)
	at org.apache.openejb.testing.ApplicationComposers.before(ApplicationComposers.java:639)
	at org.apache.openejb.testing.ApplicationComposers.evaluate(ApplicationComposers.java:722)
	at org.apache.openejb.junit.ApplicationComposer$DeployApplication.evaluate(ApplicationComposer.java:64)
	at org.junit.runners.ParentRunner.runLeaf(ParentRunner.java:271)
	at org.junit.runners.BlockJUnit4ClassRunner.runChild(BlockJUnit4ClassRunner.java:70)
	at org.junit.runners.BlockJUnit4ClassRunner.runChild(BlockJUnit4ClassRunner.java:50)
	at org.junit.runners.ParentRunner$3.run(ParentRunner.java:238)
	at org.junit.runners.ParentRunner$1.schedule(ParentRunner.java:63)
	at org.junit.runners.ParentRunner.runChildren(ParentRunner.java:236)
	at org.junit.runners.ParentRunner.access$000(ParentRunner.java:53)
	at org.junit.runners.ParentRunner$2.evaluate(ParentRunner.java:229)
	at org.junit.internal.runners.statements.RunBefores.evaluate(RunBefores.java:26)
	at org.junit.internal.runners.statements.RunAfters.evaluate(RunAfters.java:27)
	at org.junit.runners.ParentRunner.run(ParentRunner.java:309)
	at org.apache.maven.surefire.junit4.JUnit4Provider.execute(JUnit4Provider.java:264)
	at org.apache.maven.surefire.junit4.JUnit4Provider.executeTestSet(JUnit4Provider.java:153)
	at org.apache.maven.surefire.junit4.JUnit4Provider.invoke(JUnit4Provider.java:124)
	at org.apache.maven.surefire.booter.ForkedBooter.invokeProviderInSameClassLoader(ForkedBooter.java:200)
	at org.apache.maven.surefire.booter.ForkedBooter.runSuitesInProcess(ForkedBooter.java:153)
	at org.apache.maven.surefire.booter.ForkedBooter.main(ForkedBooter.java:103)
]]></error>
    <system-out><![CDATA[INFO - Cannot find the configuration file [conf/openejb.xml].  Will attempt to create one for the beans deployed.
INFO - Configuring Service(id=Default Security Service, type=SecurityService, provider-id=Default Security Service)
INFO - Configuring Service(id=Default Transaction Manager, type=TransactionManager, provider-id=Default Transaction Manager)
INFO - Configuring Service(id=DEFAULTDS, type=Resource, provider-id=Default JDBC Database)
INFO - Creating TransactionManager(id=Default Transaction Manager)
INFO - Creating SecurityService(id=Default Security Service)
INFO - Creating Resource(id=DEFAULTDS)
INFO - Initializing network services
INFO - Creating ServerService(id=httpejbd)
INFO - Created ServicePool 'httpejbd' with (10) core threads, limited to (200) threads with a queue of (9)
INFO - Creating ServerService(id=admin)
INFO - Created ServicePool 'admin' with (10) core threads, limited to (10) threads with a queue of (9)
INFO - Creating ServerService(id=ejbd)
INFO - Created ServicePool 'ejbd' with (10) core threads, limited to (200) threads with a queue of (9)
INFO - Creating ServerService(id=ejbds)
INFO - Created ServicePool 'ejbds' with (10) core threads, limited to (200) threads with a queue of (9)
INFO - Creating ServerService(id=cxf-rs)
INFO - Initializing network services
INFO -   ** Bound Services **
INFO -   NAME                 IP              PORT  
INFO -   httpejbd             127.0.0.1       4204  
INFO -   admin                127.0.0.1       4200  
INFO -   ejbd                 127.0.0.1       4201  
INFO -   ejbds                127.0.0.1       4203  
INFO - -------
INFO - Ready!
INFO - Configuring enterprise application: /home/helge/NetBeansProjects/TestAppComposerParent/Web-war/ServicesResourceIT
INFO - Auto-deploying ejb BusinessBean: EjbDeployment(deployment-id=BusinessBean)
INFO - Configuring Service(id=Default Managed Container, type=Container, provider-id=Default Managed Container)
INFO - Auto-creating a container for bean org.waastad.web.war.service.ServicesResourceIT: Container(type=MANAGED, id=Default Managed Container)
INFO - Creating Container(id=Default Managed Container)
INFO - Using directory /tmp for stateful session passivation
INFO - Configuring Service(id=Default Stateless Container, type=Container, provider-id=Default Stateless Container)
INFO - Auto-creating a container for bean BusinessBean: Container(type=STATELESS, id=Default Stateless Container)
INFO - Creating Container(id=Default Stateless Container)
INFO - Configuring PersistenceUnit(name=DEFAULT_PU, provider=org.eclipse.persistence.jpa.PersistenceProvider)
INFO - Auto-creating a Resource with id 'DEFAULTDSNonJta' of type 'DataSource for 'DEFAULT_PU'.
INFO - Configuring Service(id=DEFAULTDSNonJta, type=Resource, provider-id=DEFAULTDS)
INFO - Creating Resource(id=DEFAULTDSNonJta)
INFO - Adjusting PersistenceUnit DEFAULT_PU <non-jta-data-source> to Resource ID 'DEFAULTDSNonJta' from 'DEFAULTDSUnmanaged'
INFO - Enterprise application "/home/helge/NetBeansProjects/TestAppComposerParent/Web-war/ServicesResourceIT" loaded.
INFO - Assembling app: /home/helge/NetBeansProjects/TestAppComposerParent/Web-war/ServicesResourceIT
INFO - PersistenceUnit(name=DEFAULT_PU, provider=org.eclipse.persistence.jpa.PersistenceProvider) - provider time 136ms
INFO - Undeploying app: /home/helge/NetBeansProjects/TestAppComposerParent/Web-war/ServicesResourceIT
]]></system-out>
  </testcase>
</testsuite>